<?xml version="1.0" encoding="UTF-8"?>
<!-- Generated by org.testng.reporters.JUnitXMLReporter -->
<testsuite hostname="DESKTOP-EAC6D0I" ignored="3" name="Default test" tests="1" failures="0" timestamp="02 Oct 2020 16:19:41 GMT" time="0.456" errors="0">
  <testcase name="verifyPageTitle" time="0.017" classname="osintMonTestCases.VerifyTitle"/>
  <testcase name="@AfterSuite tearDown" time="0.0" classname="Selenium.OsintMon.Constaints">
    <ignored/>
  </testcase> <!-- @AfterSuite tearDown -->
  <testcase name="@BeforeSuite SetUrl" time="0.0" classname="Selenium.OsintMon.Constaints">
    <ignored/>
  </testcase> <!-- @BeforeSuite SetUrl -->
  <testcase name="@AfterTest endReport" time="0.0" classname="Selenium.OsintMon.Constaints">
    <ignored/>
  </testcase> <!-- @AfterTest endReport -->
</testsuite> <!-- Default test -->
