<?xml version="1.0" encoding="UTF-8"?>
<!-- Generated by org.testng.reporters.JUnitXMLReporter -->
<testsuite hostname="DESKTOP-EAC6D0I" ignored="0" name="ValidLogin" tests="4" failures="0" timestamp="05 Oct 2020 09:53:21 GMT" time="24.995" errors="0">
  <testcase name="validCredentials" time="16.657" classname="validTestcases.ValidLogin"/>
  <testcase name="viewMonitor" time="3.89" classname="validTestcases.ValidLogin"/>
  <testcase name="dropdownSelection" time="3.273" classname="validTestcases.ValidLogin"/>
  <testcase name="logOut" time="1.061" classname="validTestcases.ValidLogin"/>
</testsuite> <!-- ValidLogin -->
