<?xml version="1.0" encoding="UTF-8"?>
<testng-results skipped="0" failed="0" ignored="0" total="0" passed="0">
  <reporter-output>
  </reporter-output>
  <suite name="Selenium.OsintMon.AppTest" duration-ms="13" started-at="2020-10-02T14:52:15 IST" finished-at="2020-10-02T14:52:15 IST">
    <groups>
    </groups>
    <test name="Command line test" duration-ms="13" started-at="2020-10-02T14:52:15 IST" finished-at="2020-10-02T14:52:15 IST">
    </test> <!-- Command line test -->
  </suite> <!-- Selenium.OsintMon.AppTest -->
</testng-results>
