<?xml version="1.0" encoding="UTF-8"?>
<testng-results skipped="0" failed="0" ignored="3" total="4" passed="1">
  <reporter-output>
  </reporter-output>
  <suite name="Default suite" duration-ms="456" started-at="2020-10-02T16:19:40Z" finished-at="2020-10-02T16:19:41Z">
    <groups>
    </groups>
    <test name="Default test" duration-ms="456" started-at="2020-10-02T16:19:40Z" finished-at="2020-10-02T16:19:41Z">
      <class name="Selenium.OsintMon.Constaints">
        <test-method status="PASS" signature="SetUrl()[pri:0, instance:Selenium.OsintMon.Constaints@233fe9b6]" name="SetUrl" is-config="true" duration-ms="16338" started-at="2020-10-02T16:19:24Z" finished-at="2020-10-02T16:19:40Z">
          <reporter-output>
          </reporter-output>
        </test-method> <!-- SetUrl -->
        <test-method status="PASS" signature="endReport()[pri:0, instance:Selenium.OsintMon.Constaints@233fe9b6]" name="endReport" is-config="true" duration-ms="410" started-at="2020-10-02T16:19:40Z" finished-at="2020-10-02T16:19:41Z">
          <reporter-output>
          </reporter-output>
        </test-method> <!-- endReport -->
        <test-method status="PASS" signature="tearDown()[pri:0, instance:Selenium.OsintMon.Constaints@233fe9b6]" name="tearDown" is-config="true" duration-ms="663" started-at="2020-10-02T16:19:41Z" finished-at="2020-10-02T16:19:41Z">
          <reporter-output>
          </reporter-output>
        </test-method> <!-- tearDown -->
      </class> <!-- Selenium.OsintMon.Constaints -->
      <class name="osintMonTestCases.VerifyTitle">
        <test-method status="PASS" signature="verifyPageTitle()[pri:0, instance:osintMonTestCases.VerifyTitle@358ee631]" name="verifyPageTitle" duration-ms="17" started-at="2020-10-02T16:19:40Z" finished-at="2020-10-02T16:19:40Z">
          <reporter-output>
          </reporter-output>
        </test-method> <!-- verifyPageTitle -->
        <test-method status="PASS" signature="getResult(org.testng.ITestResult)[pri:0, instance:osintMonTestCases.VerifyTitle@358ee631]" name="getResult" is-config="true" duration-ms="12" started-at="2020-10-02T16:19:40Z" finished-at="2020-10-02T16:19:40Z">
          <params>
            <param index="0">
              <value>
                <![CDATA[[TestResult name=verifyPageTitle status=SUCCESS method=VerifyTitle.verifyPageTitle()[pri:0, instance:osintMonTestCases.VerifyTitle@358ee631] output={null}]]]>
              </value>
            </param>
          </params>
          <reporter-output>
          </reporter-output>
        </test-method> <!-- getResult -->
      </class> <!-- osintMonTestCases.VerifyTitle -->
    </test> <!-- Default test -->
  </suite> <!-- Default suite -->
</testng-results>
